The system is: Linux - 2.6.32-642.4.2.el6.x86_64 - x86_64
Compiling the C compiler identification source file "CMakeCCompilerId.c" succeeded.
Compiler: /opt/crc/m/mvapich2/2.1/intel/15.0/mlx/bin/mpicc 
Build flags: 
Id flags: 

The output was:
0


Compilation of the C compiler identification source "CMakeCCompilerId.c" produced "a.out"

The C compiler identification is Intel, found in "/home2/krober10/DynamicLoadBalance/prep/parmetis-4.0.3/build/Linux-x86_64/CMakeFiles/3.2.2/CompilerIdC/a.out"

Compiling the CXX compiler identification source file "CMakeCXXCompilerId.cpp" succeeded.
Compiler: /opt/crc/m/mvapich2/2.1/intel/15.0/mlx/bin/mpicxx 
Build flags: 
Id flags: 

The output was:
0


Compilation of the CXX compiler identification source "CMakeCXXCompilerId.cpp" produced "a.out"

The CXX compiler identification is Intel, found in "/home2/krober10/DynamicLoadBalance/prep/parmetis-4.0.3/build/Linux-x86_64/CMakeFiles/3.2.2/CompilerIdCXX/a.out"

Determining if the C compiler works passed with the following output:
Change Dir: /home2/krober10/DynamicLoadBalance/prep/parmetis-4.0.3/build/Linux-x86_64/CMakeFiles/CMakeTmp

Run Build Command:"/usr/bin/gmake" "cmTryCompileExec1145887558/fast"
gmake[1]: Entering directory `/home2/krober10/DynamicLoadBalance/prep/parmetis-4.0.3/build/Linux-x86_64/CMakeFiles/CMakeTmp'
/usr/bin/gmake -f CMakeFiles/cmTryCompileExec1145887558.dir/build.make CMakeFiles/cmTryCompileExec1145887558.dir/build
gmake[2]: Entering directory `/home2/krober10/DynamicLoadBalance/prep/parmetis-4.0.3/build/Linux-x86_64/CMakeFiles/CMakeTmp'
/afs/crc.nd.edu/x86_64_linux/cmake/3.2.2/bin/cmake -E cmake_progress_report /home2/krober10/DynamicLoadBalance/prep/parmetis-4.0.3/build/Linux-x86_64/CMakeFiles/CMakeTmp/CMakeFiles 1
Building C object CMakeFiles/cmTryCompileExec1145887558.dir/testCCompiler.c.o
/opt/crc/m/mvapich2/2.1/intel/15.0/mlx/bin/mpicc    -o CMakeFiles/cmTryCompileExec1145887558.dir/testCCompiler.c.o   -c /home2/krober10/DynamicLoadBalance/prep/parmetis-4.0.3/build/Linux-x86_64/CMakeFiles/CMakeTmp/testCCompiler.c
Linking C executable cmTryCompileExec1145887558
/afs/crc.nd.edu/x86_64_linux/cmake/3.2.2/bin/cmake -E cmake_link_script CMakeFiles/cmTryCompileExec1145887558.dir/link.txt --verbose=1
/opt/crc/m/mvapich2/2.1/intel/15.0/mlx/bin/mpicc       CMakeFiles/cmTryCompileExec1145887558.dir/testCCompiler.c.o  -o cmTryCompileExec1145887558 -rdynamic 
gmake[2]: Leaving directory `/home2/krober10/DynamicLoadBalance/prep/parmetis-4.0.3/build/Linux-x86_64/CMakeFiles/CMakeTmp'
gmake[1]: Leaving directory `/home2/krober10/DynamicLoadBalance/prep/parmetis-4.0.3/build/Linux-x86_64/CMakeFiles/CMakeTmp'


Detecting C compiler ABI info compiled with the following output:
Change Dir: /home2/krober10/DynamicLoadBalance/prep/parmetis-4.0.3/build/Linux-x86_64/CMakeFiles/CMakeTmp

Run Build Command:"/usr/bin/gmake" "cmTryCompileExec3772379191/fast"
gmake[1]: Entering directory `/home2/krober10/DynamicLoadBalance/prep/parmetis-4.0.3/build/Linux-x86_64/CMakeFiles/CMakeTmp'
/usr/bin/gmake -f CMakeFiles/cmTryCompileExec3772379191.dir/build.make CMakeFiles/cmTryCompileExec3772379191.dir/build
gmake[2]: Entering directory `/home2/krober10/DynamicLoadBalance/prep/parmetis-4.0.3/build/Linux-x86_64/CMakeFiles/CMakeTmp'
/afs/crc.nd.edu/x86_64_linux/cmake/3.2.2/bin/cmake -E cmake_progress_report /home2/krober10/DynamicLoadBalance/prep/parmetis-4.0.3/build/Linux-x86_64/CMakeFiles/CMakeTmp/CMakeFiles 1
Building C object CMakeFiles/cmTryCompileExec3772379191.dir/CMakeCCompilerABI.c.o
/opt/crc/m/mvapich2/2.1/intel/15.0/mlx/bin/mpicc    -o CMakeFiles/cmTryCompileExec3772379191.dir/CMakeCCompilerABI.c.o   -c /afs/crc.nd.edu/x86_64_linux/cmake/3.2.2/share/cmake-3.2/Modules/CMakeCCompilerABI.c
Linking C executable cmTryCompileExec3772379191
/afs/crc.nd.edu/x86_64_linux/cmake/3.2.2/bin/cmake -E cmake_link_script CMakeFiles/cmTryCompileExec3772379191.dir/link.txt --verbose=1
/opt/crc/m/mvapich2/2.1/intel/15.0/mlx/bin/mpicc      -v CMakeFiles/cmTryCompileExec3772379191.dir/CMakeCCompilerABI.c.o  -o cmTryCompileExec3772379191 -rdynamic  
mpicc for MVAPICH2 version 2.1
icc version 15.0.4 (gcc version 4.4.7 compatibility)
/afs/crc.nd.edu/x86_64_linux/intel/15.0/composer_xe_2015.5.223/bin/intel64/mcpcom    -mP1OPT_version=15.0-intel64 -mGLOB_diag_file=CMakeFiles/cmTryCompileExec3772379191.dir/CMakeCCompilerABI.c.diag -mP1OPT_print_version=FALSE -mCG_use_gas_got_workaround=F -mP2OPT_align_option_used=TRUE -mGLOB_gcc_version=447 "-mGLOB_options_string=-I/opt/crc/m/mvapich2/2.1/intel/15.0/mlx/include -v -o cmTryCompileExec3772379191 -rdynamic -L/opt/crc/m/mvapich2/2.1/intel/15.0/mlx/lib -Wl,-rpath -Wl,/opt/crc/m/mvapich2/2.1/intel/15.0/mlx/lib -Wl,--enable-new-dtags -lmpi" -mGLOB_cxx_limited_range=FALSE -mCG_extend_parms=FALSE -mGLOB_compiler_bin_directory=/afs/crc.nd.edu/x86_64_linux/intel/15.0/composer_xe_2015.5.223/bin/intel64 -mGLOB_as_output_backup_file_name=/tmp/iccnRezzuas_.s -mIPOPT_activate -mGLOB_em64t -mGLOB_product_id_code=0x22006d91 -mP3OPT_use_mspp_call_convention -mP2OPT_subs_out_of_bound=FALSE -mP2OPT_disam_type_based_disam=2 -mP2OPT_disam_assume_ansi_c -mP2OPT_checked_disam_ansi_alias=TRUE -mGLOB_ansi_alias -mPGOPTI_value_profile_use=T -mGLOB_opt_report_use_source_name -mP2OPT_il0_array_sections=TRUE -mGLOB_offload_mode=1 -mP2OPT_offload_unique_var_string=icc010241697384LDZ5io -mP2OPT_hlo -mP2OPT_hpo_rtt_control=0 -mIPOPT_args_in_regs=0 -mP2OPT_disam_assume_nonstd_intent_in=FALSE -mGLOB_imf_mapping_library=/afs/crc.nd.edu/x86_64_linux/intel/15.0/composer_xe_2015.5.223/bin/intel64/libiml_attr.so -mPGOPTI_gen_threadsafe_level=0 -mIPOPT_link -mIPOPT_ipo_activate -mIPOPT_mo_activate -mIPOPT_source_files_list=/tmp/iccslisRH0AVt -mIPOPT_mo_global_data -mIPOPT_link_script_file=/tmp/iccscriptiwe6NO "-mIPOPT_cmdline_link="/usr/lib/gcc/x86_64-redhat-linux/4.4.7/../../../../lib64/crt1.o" "/usr/lib/gcc/x86_64-redhat-linux/4.4.7/../../../../lib64/crti.o" "/usr/lib/gcc/x86_64-redhat-linux/4.4.7/crtbegin.o" "-export-dynamic" "--eh-frame-hdr" "--build-id" "-dynamic-linker" "/lib64/ld-linux-x86-64.so.2" "-m" "elf_x86_64" "-L/opt/crc/m/mvapich2/2.1/intel/15.0/mlx/lib" "-o" "cmTryCompileExec3772379191" "-L/afs/crc.nd.edu/x86_64_linux/intel/15.0/composer_xe_2015.5.223/compiler/lib/intel64" "-L/usr/lib/gcc/x86_64-redhat-linux/4.4.7/" "-L/usr/lib/gcc/x86_64-redhat-linux/4.4.7/../../../../lib64" "-L/usr/lib/gcc/x86_64-redhat-linux/4.4.7/../../../../lib64/" "-L/lib/../lib64" "-L/lib/../lib64/" "-L/usr/lib/../lib64" "-L/usr/lib/../lib64/" "-L/usr/lib/gcc/x86_64-redhat-linux/4.4.7/../../../" "-L/lib64" "-L/lib/" "-L/usr/lib64" "-L/usr/lib" "CMakeFiles/cmTryCompileExec3772379191.dir/CMakeCCompilerABI.c.o" "-rpath" "/opt/crc/m/mvapich2/2.1/intel/15.0/mlx/lib" "--enable-new-dtags" "-lmpi" "-Bdynamic" "-Bstatic" "-limf" "-lsvml" "-lirng" "-Bdynamic" "-lm" "-Bstatic" "-lipgo" "-ldecimal" "--as-needed" "-Bdynamic" "-lcilkrts" "-lstdc++" "--no-as-needed" "-lgcc" "-lgcc_s" "-Bstatic" "-lirc" "-lsvml" "-Bdynamic" "-lc" "-lgcc" "-lgcc_s" "-Bstatic" "-lirc_s" "-Bdynamic" "-ldl" "-lc" "/usr/lib/gcc/x86_64-redhat-linux/4.4.7/crtend.o" "/usr/lib/gcc/x86_64-redhat-linux/4.4.7/../../../../lib64/crtn.o"" -mIPOPT_il_in_obj -mIPOPT_ipo_activate_warn=FALSE -mIPOPT_obj_output_file_name=/tmp/ipo_icczs0DEs.o -mIPOPT_whole_archive_fixup_file_name=/tmp/iccwarchsUM4HR -mGLOB_linker_version=2.20.51.0.2 -mGLOB_long_size_64 -mGLOB_routine_pointer_size_64 -mGLOB_driver_tempfile_name=/tmp/icctempfilepSvqEc -mP3OPT_asm_target=P3OPT_ASM_TARGET_GAS -mGLOB_async_unwind_tables=TRUE -mGLOB_obj_output_file=/tmp/ipo_icczs0DEs.o -mGLOB_source_dialect=GLOB_SOURCE_DIALECT_NONE -mP1OPT_source_file_name=ipo_out.c CMakeFiles/cmTryCompileExec3772379191.dir/CMakeCCompilerABI.c.o -mIPOPT_object_files=T -mIPOPT_assembly_files=/tmp/iccaliskNiCp8 -mIPOPT_generated_tempfiles=/tmp/iccelisMPD6ht -mIPOPT_embedded_object_base_name=/tmp/icceobjUYlBaO -mIPOPT_cmdline_link_new_name=/tmp/iccllisQe6528
ld    /usr/lib/gcc/x86_64-redhat-linux/4.4.7/../../../../lib64/crt1.o /usr/lib/gcc/x86_64-redhat-linux/4.4.7/../../../../lib64/crti.o /usr/lib/gcc/x86_64-redhat-linux/4.4.7/crtbegin.o -export-dynamic --eh-frame-hdr --build-id -dynamic-linker /lib64/ld-linux-x86-64.so.2 -m elf_x86_64 -L/opt/crc/m/mvapich2/2.1/intel/15.0/mlx/lib -o cmTryCompileExec3772379191 -L/afs/crc.nd.edu/x86_64_linux/intel/15.0/composer_xe_2015.5.223/compiler/lib/intel64 -L/usr/lib/gcc/x86_64-redhat-linux/4.4.7/ -L/usr/lib/gcc/x86_64-redhat-linux/4.4.7/../../../../lib64 -L/usr/lib/gcc/x86_64-redhat-linux/4.4.7/../../../../lib64/ -L/lib/../lib64 -L/lib/../lib64/ -L/usr/lib/../lib64 -L/usr/lib/../lib64/ -L/usr/lib/gcc/x86_64-redhat-linux/4.4.7/../../../ -L/lib64 -L/lib/ -L/usr/lib64 -L/usr/lib CMakeFiles/cmTryCompileExec3772379191.dir/CMakeCCompilerABI.c.o -rpath /opt/crc/m/mvapich2/2.1/intel/15.0/mlx/lib --enable-new-dtags -lmpi -Bdynamic -Bstatic -limf -lsvml -lirng -Bdynamic -lm -Bstatic -lipgo -ldecimal --as-needed -Bdynamic -lcilkrts -lstdc++ --no-as-needed -lgcc -lgcc_s -Bstatic -lirc -lsvml -Bdynamic -lc -lgcc -lgcc_s -Bstatic -lirc_s -Bdynamic -ldl -lc /usr/lib/gcc/x86_64-redhat-linux/4.4.7/crtend.o /usr/lib/gcc/x86_64-redhat-linux/4.4.7/../../../../lib64/crtn.o
gmake[2]: Leaving directory `/home2/krober10/DynamicLoadBalance/prep/parmetis-4.0.3/build/Linux-x86_64/CMakeFiles/CMakeTmp'
gmake[1]: Leaving directory `/home2/krober10/DynamicLoadBalance/prep/parmetis-4.0.3/build/Linux-x86_64/CMakeFiles/CMakeTmp'


Parsed C implicit link information from above output:
  link line regex: [^( *|.*[/\])(ld|([^/\]+-)?ld|collect2)[^/\]*( |$)]
  ignore line: [Change Dir: /home2/krober10/DynamicLoadBalance/prep/parmetis-4.0.3/build/Linux-x86_64/CMakeFiles/CMakeTmp]
  ignore line: []
  ignore line: [Run Build Command:"/usr/bin/gmake" "cmTryCompileExec3772379191/fast"]
  ignore line: [gmake[1]: Entering directory `/home2/krober10/DynamicLoadBalance/prep/parmetis-4.0.3/build/Linux-x86_64/CMakeFiles/CMakeTmp']
  ignore line: [/usr/bin/gmake -f CMakeFiles/cmTryCompileExec3772379191.dir/build.make CMakeFiles/cmTryCompileExec3772379191.dir/build]
  ignore line: [gmake[2]: Entering directory `/home2/krober10/DynamicLoadBalance/prep/parmetis-4.0.3/build/Linux-x86_64/CMakeFiles/CMakeTmp']
  ignore line: [/afs/crc.nd.edu/x86_64_linux/cmake/3.2.2/bin/cmake -E cmake_progress_report /home2/krober10/DynamicLoadBalance/prep/parmetis-4.0.3/build/Linux-x86_64/CMakeFiles/CMakeTmp/CMakeFiles 1]
  ignore line: [Building C object CMakeFiles/cmTryCompileExec3772379191.dir/CMakeCCompilerABI.c.o]
  ignore line: [/opt/crc/m/mvapich2/2.1/intel/15.0/mlx/bin/mpicc    -o CMakeFiles/cmTryCompileExec3772379191.dir/CMakeCCompilerABI.c.o   -c /afs/crc.nd.edu/x86_64_linux/cmake/3.2.2/share/cmake-3.2/Modules/CMakeCCompilerABI.c]
  ignore line: [Linking C executable cmTryCompileExec3772379191]
  ignore line: [/afs/crc.nd.edu/x86_64_linux/cmake/3.2.2/bin/cmake -E cmake_link_script CMakeFiles/cmTryCompileExec3772379191.dir/link.txt --verbose=1]
  ignore line: [/opt/crc/m/mvapich2/2.1/intel/15.0/mlx/bin/mpicc      -v CMakeFiles/cmTryCompileExec3772379191.dir/CMakeCCompilerABI.c.o  -o cmTryCompileExec3772379191 -rdynamic  ]
  ignore line: [mpicc for MVAPICH2 version 2.1]
  ignore line: [icc version 15.0.4 (gcc version 4.4.7 compatibility)]
  ignore line: [/afs/crc.nd.edu/x86_64_linux/intel/15.0/composer_xe_2015.5.223/bin/intel64/mcpcom    -mP1OPT_version=15.0-intel64 -mGLOB_diag_file=CMakeFiles/cmTryCompileExec3772379191.dir/CMakeCCompilerABI.c.diag -mP1OPT_print_version=FALSE -mCG_use_gas_got_workaround=F -mP2OPT_align_option_used=TRUE -mGLOB_gcc_version=447 "-mGLOB_options_string=-I/opt/crc/m/mvapich2/2.1/intel/15.0/mlx/include -v -o cmTryCompileExec3772379191 -rdynamic -L/opt/crc/m/mvapich2/2.1/intel/15.0/mlx/lib -Wl,-rpath -Wl,/opt/crc/m/mvapich2/2.1/intel/15.0/mlx/lib -Wl,--enable-new-dtags -lmpi" -mGLOB_cxx_limited_range=FALSE -mCG_extend_parms=FALSE -mGLOB_compiler_bin_directory=/afs/crc.nd.edu/x86_64_linux/intel/15.0/composer_xe_2015.5.223/bin/intel64 -mGLOB_as_output_backup_file_name=/tmp/iccnRezzuas_.s -mIPOPT_activate -mGLOB_em64t -mGLOB_product_id_code=0x22006d91 -mP3OPT_use_mspp_call_convention -mP2OPT_subs_out_of_bound=FALSE -mP2OPT_disam_type_based_disam=2 -mP2OPT_disam_assume_ansi_c -mP2OPT_checked_disam_ansi_alias=TRUE -mGLOB_ansi_alias -mPGOPTI_value_profile_use=T -mGLOB_opt_report_use_source_name -mP2OPT_il0_array_sections=TRUE -mGLOB_offload_mode=1 -mP2OPT_offload_unique_var_string=icc010241697384LDZ5io -mP2OPT_hlo -mP2OPT_hpo_rtt_control=0 -mIPOPT_args_in_regs=0 -mP2OPT_disam_assume_nonstd_intent_in=FALSE -mGLOB_imf_mapping_library=/afs/crc.nd.edu/x86_64_linux/intel/15.0/composer_xe_2015.5.223/bin/intel64/libiml_attr.so -mPGOPTI_gen_threadsafe_level=0 -mIPOPT_link -mIPOPT_ipo_activate -mIPOPT_mo_activate -mIPOPT_source_files_list=/tmp/iccslisRH0AVt -mIPOPT_mo_global_data -mIPOPT_link_script_file=/tmp/iccscriptiwe6NO "-mIPOPT_cmdline_link="/usr/lib/gcc/x86_64-redhat-linux/4.4.7/../../../../lib64/crt1.o" "/usr/lib/gcc/x86_64-redhat-linux/4.4.7/../../../../lib64/crti.o" "/usr/lib/gcc/x86_64-redhat-linux/4.4.7/crtbegin.o" "-export-dynamic" "--eh-frame-hdr" "--build-id" "-dynamic-linker" "/lib64/ld-linux-x86-64.so.2" "-m" "elf_x86_64" "-L/opt/crc/m/mvapich2/2.1/intel/15.0/mlx/lib" "-o" "cmTryCompileExec3772379191" "-L/afs/crc.nd.edu/x86_64_linux/intel/15.0/composer_xe_2015.5.223/compiler/lib/intel64" "-L/usr/lib/gcc/x86_64-redhat-linux/4.4.7/" "-L/usr/lib/gcc/x86_64-redhat-linux/4.4.7/../../../../lib64" "-L/usr/lib/gcc/x86_64-redhat-linux/4.4.7/../../../../lib64/" "-L/lib/../lib64" "-L/lib/../lib64/" "-L/usr/lib/../lib64" "-L/usr/lib/../lib64/" "-L/usr/lib/gcc/x86_64-redhat-linux/4.4.7/../../../" "-L/lib64" "-L/lib/" "-L/usr/lib64" "-L/usr/lib" "CMakeFiles/cmTryCompileExec3772379191.dir/CMakeCCompilerABI.c.o" "-rpath" "/opt/crc/m/mvapich2/2.1/intel/15.0/mlx/lib" "--enable-new-dtags" "-lmpi" "-Bdynamic" "-Bstatic" "-limf" "-lsvml" "-lirng" "-Bdynamic" "-lm" "-Bstatic" "-lipgo" "-ldecimal" "--as-needed" "-Bdynamic" "-lcilkrts" "-lstdc++" "--no-as-needed" "-lgcc" "-lgcc_s" "-Bstatic" "-lirc" "-lsvml" "-Bdynamic" "-lc" "-lgcc" "-lgcc_s" "-Bstatic" "-lirc_s" "-Bdynamic" "-ldl" "-lc" "/usr/lib/gcc/x86_64-redhat-linux/4.4.7/crtend.o" "/usr/lib/gcc/x86_64-redhat-linux/4.4.7/../../../../lib64/crtn.o"" -mIPOPT_il_in_obj -mIPOPT_ipo_activate_warn=FALSE -mIPOPT_obj_output_file_name=/tmp/ipo_icczs0DEs.o -mIPOPT_whole_archive_fixup_file_name=/tmp/iccwarchsUM4HR -mGLOB_linker_version=2.20.51.0.2 -mGLOB_long_size_64 -mGLOB_routine_pointer_size_64 -mGLOB_driver_tempfile_name=/tmp/icctempfilepSvqEc -mP3OPT_asm_target=P3OPT_ASM_TARGET_GAS -mGLOB_async_unwind_tables=TRUE -mGLOB_obj_output_file=/tmp/ipo_icczs0DEs.o -mGLOB_source_dialect=GLOB_SOURCE_DIALECT_NONE -mP1OPT_source_file_name=ipo_out.c CMakeFiles/cmTryCompileExec3772379191.dir/CMakeCCompilerABI.c.o -mIPOPT_object_files=T -mIPOPT_assembly_files=/tmp/iccaliskNiCp8 -mIPOPT_generated_tempfiles=/tmp/iccelisMPD6ht -mIPOPT_embedded_object_base_name=/tmp/icceobjUYlBaO -mIPOPT_cmdline_link_new_name=/tmp/iccllisQe6528]
  link line: [ld    /usr/lib/gcc/x86_64-redhat-linux/4.4.7/../../../../lib64/crt1.o /usr/lib/gcc/x86_64-redhat-linux/4.4.7/../../../../lib64/crti.o /usr/lib/gcc/x86_64-redhat-linux/4.4.7/crtbegin.o -export-dynamic --eh-frame-hdr --build-id -dynamic-linker /lib64/ld-linux-x86-64.so.2 -m elf_x86_64 -L/opt/crc/m/mvapich2/2.1/intel/15.0/mlx/lib -o cmTryCompileExec3772379191 -L/afs/crc.nd.edu/x86_64_linux/intel/15.0/composer_xe_2015.5.223/compiler/lib/intel64 -L/usr/lib/gcc/x86_64-redhat-linux/4.4.7/ -L/usr/lib/gcc/x86_64-redhat-linux/4.4.7/../../../../lib64 -L/usr/lib/gcc/x86_64-redhat-linux/4.4.7/../../../../lib64/ -L/lib/../lib64 -L/lib/../lib64/ -L/usr/lib/../lib64 -L/usr/lib/../lib64/ -L/usr/lib/gcc/x86_64-redhat-linux/4.4.7/../../../ -L/lib64 -L/lib/ -L/usr/lib64 -L/usr/lib CMakeFiles/cmTryCompileExec3772379191.dir/CMakeCCompilerABI.c.o -rpath /opt/crc/m/mvapich2/2.1/intel/15.0/mlx/lib --enable-new-dtags -lmpi -Bdynamic -Bstatic -limf -lsvml -lirng -Bdynamic -lm -Bstatic -lipgo -ldecimal --as-needed -Bdynamic -lcilkrts -lstdc++ --no-as-needed -lgcc -lgcc_s -Bstatic -lirc -lsvml -Bdynamic -lc -lgcc -lgcc_s -Bstatic -lirc_s -Bdynamic -ldl -lc /usr/lib/gcc/x86_64-redhat-linux/4.4.7/crtend.o /usr/lib/gcc/x86_64-redhat-linux/4.4.7/../../../../lib64/crtn.o]
    arg [ld] ==> ignore
    arg [/usr/lib/gcc/x86_64-redhat-linux/4.4.7/../../../../lib64/crt1.o] ==> ignore
    arg [/usr/lib/gcc/x86_64-redhat-linux/4.4.7/../../../../lib64/crti.o] ==> ignore
    arg [/usr/lib/gcc/x86_64-redhat-linux/4.4.7/crtbegin.o] ==> ignore
    arg [-export-dynamic] ==> ignore
    arg [--eh-frame-hdr] ==> ignore
    arg [--build-id] ==> ignore
    arg [-dynamic-linker] ==> ignore
    arg [/lib64/ld-linux-x86-64.so.2] ==> ignore
    arg [-m] ==> ignore
    arg [elf_x86_64] ==> ignore
    arg [-L/opt/crc/m/mvapich2/2.1/intel/15.0/mlx/lib] ==> dir [/opt/crc/m/mvapich2/2.1/intel/15.0/mlx/lib]
    arg [-o] ==> ignore
    arg [cmTryCompileExec3772379191] ==> ignore
    arg [-L/afs/crc.nd.edu/x86_64_linux/intel/15.0/composer_xe_2015.5.223/compiler/lib/intel64] ==> dir [/afs/crc.nd.edu/x86_64_linux/intel/15.0/composer_xe_2015.5.223/compiler/lib/intel64]
    arg [-L/usr/lib/gcc/x86_64-redhat-linux/4.4.7/] ==> dir [/usr/lib/gcc/x86_64-redhat-linux/4.4.7/]
    arg [-L/usr/lib/gcc/x86_64-redhat-linux/4.4.7/../../../../lib64] ==> dir [/usr/lib/gcc/x86_64-redhat-linux/4.4.7/../../../../lib64]
    arg [-L/usr/lib/gcc/x86_64-redhat-linux/4.4.7/../../../../lib64/] ==> dir [/usr/lib/gcc/x86_64-redhat-linux/4.4.7/../../../../lib64/]
    arg [-L/lib/../lib64] ==> dir [/lib/../lib64]
    arg [-L/lib/../lib64/] ==> dir [/lib/../lib64/]
    arg [-L/usr/lib/../lib64] ==> dir [/usr/lib/../lib64]
    arg [-L/usr/lib/../lib64/] ==> dir [/usr/lib/../lib64/]
    arg [-L/usr/lib/gcc/x86_64-redhat-linux/4.4.7/../../../] ==> dir [/usr/lib/gcc/x86_64-redhat-linux/4.4.7/../../../]
    arg [-L/lib64] ==> dir [/lib64]
    arg [-L/lib/] ==> dir [/lib/]
    arg [-L/usr/lib64] ==> dir [/usr/lib64]
    arg [-L/usr/lib] ==> dir [/usr/lib]
    arg [CMakeFiles/cmTryCompileExec3772379191.dir/CMakeCCompilerABI.c.o] ==> ignore
    arg [-rpath] ==> ignore
    arg [/opt/crc/m/mvapich2/2.1/intel/15.0/mlx/lib] ==> ignore
    arg [--enable-new-dtags] ==> ignore
    arg [-lmpi] ==> lib [mpi]
    arg [-Bdynamic] ==> ignore
    arg [-Bstatic] ==> ignore
    arg [-limf] ==> lib [imf]
    arg [-lsvml] ==> lib [svml]
    arg [-lirng] ==> lib [irng]
    arg [-Bdynamic] ==> ignore
    arg [-lm] ==> lib [m]
    arg [-Bstatic] ==> ignore
    arg [-lipgo] ==> lib [ipgo]
    arg [-ldecimal] ==> lib [decimal]
    arg [--as-needed] ==> ignore
    arg [-Bdynamic] ==> ignore
    arg [-lcilkrts] ==> lib [cilkrts]
    arg [-lstdc++] ==> lib [stdc++]
    arg [--no-as-needed] ==> ignore
    arg [-lgcc] ==> lib [gcc]
    arg [-lgcc_s] ==> lib [gcc_s]
    arg [-Bstatic] ==> ignore
    arg [-lirc] ==> lib [irc]
    arg [-lsvml] ==> lib [svml]
    arg [-Bdynamic] ==> ignore
    arg [-lc] ==> lib [c]
    arg [-lgcc] ==> lib [gcc]
    arg [-lgcc_s] ==> lib [gcc_s]
    arg [-Bstatic] ==> ignore
    arg [-lirc_s] ==> lib [irc_s]
    arg [-Bdynamic] ==> ignore
    arg [-ldl] ==> lib [dl]
    arg [-lc] ==> lib [c]
    arg [/usr/lib/gcc/x86_64-redhat-linux/4.4.7/crtend.o] ==> ignore
    arg [/usr/lib/gcc/x86_64-redhat-linux/4.4.7/../../../../lib64/crtn.o] ==> ignore
  remove lib [gcc]
  remove lib [gcc_s]
  remove lib [gcc]
  remove lib [gcc_s]
  collapse library dir [/opt/crc/m/mvapich2/2.1/intel/15.0/mlx/lib] ==> [/opt/crc/m/mvapich2/2.1/intel/15.0/mlx/lib]
  collapse library dir [/afs/crc.nd.edu/x86_64_linux/intel/15.0/composer_xe_2015.5.223/compiler/lib/intel64] ==> [/afs/crc.nd.edu/x86_64_linux/intel/15.0/composer_xe_2015.5.223/compiler/lib/intel64]
  collapse library dir [/usr/lib/gcc/x86_64-redhat-linux/4.4.7/] ==> [/usr/lib/gcc/x86_64-redhat-linux/4.4.7]
  collapse library dir [/usr/lib/gcc/x86_64-redhat-linux/4.4.7/../../../../lib64] ==> [/usr/lib64]
  collapse library dir [/usr/lib/gcc/x86_64-redhat-linux/4.4.7/../../../../lib64/] ==> [/usr/lib64]
  collapse library dir [/lib/../lib64] ==> [/lib64]
  collapse library dir [/lib/../lib64/] ==> [/lib64]
  collapse library dir [/usr/lib/../lib64] ==> [/usr/lib64]
  collapse library dir [/usr/lib/../lib64/] ==> [/usr/lib64]
  collapse library dir [/usr/lib/gcc/x86_64-redhat-linux/4.4.7/../../../] ==> [/usr/lib]
  collapse library dir [/lib64] ==> [/lib64]
  collapse library dir [/lib/] ==> [/lib]
  collapse library dir [/usr/lib64] ==> [/usr/lib64]
  collapse library dir [/usr/lib] ==> [/usr/lib]
  implicit libs: [mpi;imf;svml;irng;m;ipgo;decimal;cilkrts;stdc++;irc;svml;c;irc_s;dl;c]
  implicit dirs: [/opt/crc/m/mvapich2/2.1/intel/15.0/mlx/lib;/afs/crc.nd.edu/x86_64_linux/intel/15.0/composer_xe_2015.5.223/compiler/lib/intel64;/usr/lib/gcc/x86_64-redhat-linux/4.4.7;/usr/lib64;/lib64;/usr/lib;/lib]
  implicit fwks: []


Determining if the CXX compiler works passed with the following output:
Change Dir: /home2/krober10/DynamicLoadBalance/prep/parmetis-4.0.3/build/Linux-x86_64/CMakeFiles/CMakeTmp

Run Build Command:"/usr/bin/gmake" "cmTryCompileExec2043954694/fast"
gmake[1]: Entering directory `/home2/krober10/DynamicLoadBalance/prep/parmetis-4.0.3/build/Linux-x86_64/CMakeFiles/CMakeTmp'
/usr/bin/gmake -f CMakeFiles/cmTryCompileExec2043954694.dir/build.make CMakeFiles/cmTryCompileExec2043954694.dir/build
gmake[2]: Entering directory `/home2/krober10/DynamicLoadBalance/prep/parmetis-4.0.3/build/Linux-x86_64/CMakeFiles/CMakeTmp'
/afs/crc.nd.edu/x86_64_linux/cmake/3.2.2/bin/cmake -E cmake_progress_report /home2/krober10/DynamicLoadBalance/prep/parmetis-4.0.3/build/Linux-x86_64/CMakeFiles/CMakeTmp/CMakeFiles 1
Building CXX object CMakeFiles/cmTryCompileExec2043954694.dir/testCXXCompiler.cxx.o
/opt/crc/m/mvapich2/2.1/intel/15.0/mlx/bin/mpicxx     -o CMakeFiles/cmTryCompileExec2043954694.dir/testCXXCompiler.cxx.o -c /home2/krober10/DynamicLoadBalance/prep/parmetis-4.0.3/build/Linux-x86_64/CMakeFiles/CMakeTmp/testCXXCompiler.cxx
Linking CXX executable cmTryCompileExec2043954694
/afs/crc.nd.edu/x86_64_linux/cmake/3.2.2/bin/cmake -E cmake_link_script CMakeFiles/cmTryCompileExec2043954694.dir/link.txt --verbose=1
/opt/crc/m/mvapich2/2.1/intel/15.0/mlx/bin/mpicxx        CMakeFiles/cmTryCompileExec2043954694.dir/testCXXCompiler.cxx.o  -o cmTryCompileExec2043954694 -rdynamic 
gmake[2]: Leaving directory `/home2/krober10/DynamicLoadBalance/prep/parmetis-4.0.3/build/Linux-x86_64/CMakeFiles/CMakeTmp'
gmake[1]: Leaving directory `/home2/krober10/DynamicLoadBalance/prep/parmetis-4.0.3/build/Linux-x86_64/CMakeFiles/CMakeTmp'


Detecting CXX compiler ABI info compiled with the following output:
Change Dir: /home2/krober10/DynamicLoadBalance/prep/parmetis-4.0.3/build/Linux-x86_64/CMakeFiles/CMakeTmp

Run Build Command:"/usr/bin/gmake" "cmTryCompileExec2417665742/fast"
gmake[1]: Entering directory `/home2/krober10/DynamicLoadBalance/prep/parmetis-4.0.3/build/Linux-x86_64/CMakeFiles/CMakeTmp'
/usr/bin/gmake -f CMakeFiles/cmTryCompileExec2417665742.dir/build.make CMakeFiles/cmTryCompileExec2417665742.dir/build
gmake[2]: Entering directory `/home2/krober10/DynamicLoadBalance/prep/parmetis-4.0.3/build/Linux-x86_64/CMakeFiles/CMakeTmp'
/afs/crc.nd.edu/x86_64_linux/cmake/3.2.2/bin/cmake -E cmake_progress_report /home2/krober10/DynamicLoadBalance/prep/parmetis-4.0.3/build/Linux-x86_64/CMakeFiles/CMakeTmp/CMakeFiles 1
Building CXX object CMakeFiles/cmTryCompileExec2417665742.dir/CMakeCXXCompilerABI.cpp.o
/opt/crc/m/mvapich2/2.1/intel/15.0/mlx/bin/mpicxx     -o CMakeFiles/cmTryCompileExec2417665742.dir/CMakeCXXCompilerABI.cpp.o -c /afs/crc.nd.edu/x86_64_linux/cmake/3.2.2/share/cmake-3.2/Modules/CMakeCXXCompilerABI.cpp
Linking CXX executable cmTryCompileExec2417665742
/afs/crc.nd.edu/x86_64_linux/cmake/3.2.2/bin/cmake -E cmake_link_script CMakeFiles/cmTryCompileExec2417665742.dir/link.txt --verbose=1
/opt/crc/m/mvapich2/2.1/intel/15.0/mlx/bin/mpicxx       -v CMakeFiles/cmTryCompileExec2417665742.dir/CMakeCXXCompilerABI.cpp.o  -o cmTryCompileExec2417665742 -rdynamic  
mpicxx for MVAPICH2 version 2.1
icpc version 15.0.4 (gcc version 4.4.7 compatibility)
/afs/crc.nd.edu/x86_64_linux/intel/15.0/composer_xe_2015.5.223/bin/intel64/mcpcom    -mP1OPT_version=15.0-intel64 -mGLOB_diag_file=CMakeFiles/cmTryCompileExec2417665742.dir/CMakeCXXCompilerABI.cpp.diag -mP1OPT_print_version=FALSE -mCG_use_gas_got_workaround=F -mP2OPT_align_option_used=TRUE -mGLOB_gcc_version=447 "-mGLOB_options_string=-I/opt/crc/m/mvapich2/2.1/intel/15.0/mlx/include -v -o cmTryCompileExec2417665742 -rdynamic -L/opt/crc/m/mvapich2/2.1/intel/15.0/mlx/lib -lmpicxx -Wl,-rpath -Wl,/opt/crc/m/mvapich2/2.1/intel/15.0/mlx/lib -Wl,--enable-new-dtags -lmpi" -mGLOB_cxx_limited_range=FALSE -mCG_extend_parms=FALSE -mGLOB_compiler_bin_directory=/afs/crc.nd.edu/x86_64_linux/intel/15.0/composer_xe_2015.5.223/bin/intel64 -mGLOB_as_output_backup_file_name=/tmp/icpc1PynjDas_.s -mIPOPT_activate -mGLOB_em64t -mGLOB_product_id_code=0x22006d8e -mP3OPT_use_mspp_call_convention -mP2OPT_subs_out_of_bound=FALSE -mP2OPT_disam_type_based_disam=2 -mP2OPT_disam_assume_ansi_c -mP2OPT_checked_disam_ansi_alias=TRUE -mGLOB_ansi_alias -mPGOPTI_value_profile_use=T -mGLOB_opt_report_use_source_name -mP2OPT_il0_array_sections=TRUE -mGLOB_offload_mode=1 -mP2OPT_offload_unique_var_string=icpc010822636003on6xbB -mP2OPT_hlo -mP2OPT_hpo_rtt_control=0 -mIPOPT_args_in_regs=0 -mP2OPT_disam_assume_nonstd_intent_in=FALSE -mGLOB_imf_mapping_library=/afs/crc.nd.edu/x86_64_linux/intel/15.0/composer_xe_2015.5.223/bin/intel64/libiml_attr.so -mPGOPTI_gen_threadsafe_level=0 -mIPOPT_link -mIPOPT_ipo_activate -mIPOPT_mo_activate -mIPOPT_source_files_list=/tmp/icpcslisfwOXts -mIPOPT_mo_global_data -mIPOPT_link_script_file=/tmp/icpcscriptz7CWKQ "-mIPOPT_cmdline_link="/usr/lib/gcc/x86_64-redhat-linux/4.4.7/../../../../lib64/crt1.o" "/usr/lib/gcc/x86_64-redhat-linux/4.4.7/../../../../lib64/crti.o" "/usr/lib/gcc/x86_64-redhat-linux/4.4.7/crtbegin.o" "-export-dynamic" "--eh-frame-hdr" "--build-id" "-dynamic-linker" "/lib64/ld-linux-x86-64.so.2" "-m" "elf_x86_64" "-L/opt/crc/m/mvapich2/2.1/intel/15.0/mlx/lib" "-o" "cmTryCompileExec2417665742" "-L/afs/crc.nd.edu/x86_64_linux/intel/15.0/composer_xe_2015.5.223/compiler/lib/intel64" "-L/usr/lib/gcc/x86_64-redhat-linux/4.4.7/" "-L/usr/lib/gcc/x86_64-redhat-linux/4.4.7/../../../../lib64" "-L/usr/lib/gcc/x86_64-redhat-linux/4.4.7/../../../../lib64/" "-L/lib/../lib64" "-L/lib/../lib64/" "-L/usr/lib/../lib64" "-L/usr/lib/../lib64/" "-L/usr/lib/gcc/x86_64-redhat-linux/4.4.7/../../../" "-L/lib64" "-L/lib/" "-L/usr/lib64" "-L/usr/lib" "CMakeFiles/cmTryCompileExec2417665742.dir/CMakeCXXCompilerABI.cpp.o" "-lmpicxx" "-rpath" "/opt/crc/m/mvapich2/2.1/intel/15.0/mlx/lib" "--enable-new-dtags" "-lmpi" "-Bdynamic" "-Bstatic" "-limf" "-lsvml" "-lirng" "-Bdynamic" "-lm" "-Bstatic" "-lipgo" "-ldecimal" "--as-needed" "-Bdynamic" "-lcilkrts" "--no-as-needed" "-lstdc++" "-lgcc" "-lgcc_s" "-Bstatic" "-lirc" "-lsvml" "-Bdynamic" "-lc" "-lgcc" "-lgcc_s" "-Bstatic" "-lirc_s" "-Bdynamic" "-ldl" "-lc" "/usr/lib/gcc/x86_64-redhat-linux/4.4.7/crtend.o" "/usr/lib/gcc/x86_64-redhat-linux/4.4.7/../../../../lib64/crtn.o"" -mIPOPT_il_in_obj -mIPOPT_ipo_activate_warn=FALSE -mIPOPT_obj_output_file_name=/tmp/ipo_icpcvgQ8P6.o -mIPOPT_whole_archive_fixup_file_name=/tmp/icpcwarchDNC4oy -mGLOB_linker_version=2.20.51.0.2 -mGLOB_long_size_64 -mGLOB_routine_pointer_size_64 -mGLOB_driver_tempfile_name=/tmp/icpctempfileLG8XJW -mP3OPT_asm_target=P3OPT_ASM_TARGET_GAS -mGLOB_async_unwind_tables=TRUE -mGLOB_obj_output_file=/tmp/ipo_icpcvgQ8P6.o -mGLOB_source_dialect=GLOB_SOURCE_DIALECT_NONE -mP1OPT_source_file_name=ipo_out.c CMakeFiles/cmTryCompileExec2417665742.dir/CMakeCXXCompilerABI.cpp.o -mIPOPT_object_files=T -mIPOPT_assembly_files=/tmp/icpcalisBBw4nT -mIPOPT_generated_tempfiles=/tmp/icpcelisF8E2Eh -mIPOPT_embedded_object_base_name=/tmp/icpceobjBKP0VF -mIPOPT_cmdline_link_new_name=/tmp/icpcllisfDaZc4
ld    /usr/lib/gcc/x86_64-redhat-linux/4.4.7/../../../../lib64/crt1.o /usr/lib/gcc/x86_64-redhat-linux/4.4.7/../../../../lib64/crti.o /usr/lib/gcc/x86_64-redhat-linux/4.4.7/crtbegin.o -export-dynamic --eh-frame-hdr --build-id -dynamic-linker /lib64/ld-linux-x86-64.so.2 -m elf_x86_64 -L/opt/crc/m/mvapich2/2.1/intel/15.0/mlx/lib -o cmTryCompileExec2417665742 -L/afs/crc.nd.edu/x86_64_linux/intel/15.0/composer_xe_2015.5.223/compiler/lib/intel64 -L/usr/lib/gcc/x86_64-redhat-linux/4.4.7/ -L/usr/lib/gcc/x86_64-redhat-linux/4.4.7/../../../../lib64 -L/usr/lib/gcc/x86_64-redhat-linux/4.4.7/../../../../lib64/ -L/lib/../lib64 -L/lib/../lib64/ -L/usr/lib/../lib64 -L/usr/lib/../lib64/ -L/usr/lib/gcc/x86_64-redhat-linux/4.4.7/../../../ -L/lib64 -L/lib/ -L/usr/lib64 -L/usr/lib CMakeFiles/cmTryCompileExec2417665742.dir/CMakeCXXCompilerABI.cpp.o -lmpicxx -rpath /opt/crc/m/mvapich2/2.1/intel/15.0/mlx/lib --enable-new-dtags -lmpi -Bdynamic -Bstatic -limf -lsvml -lirng -Bdynamic -lm -Bstatic -lipgo -ldecimal --as-needed -Bdynamic -lcilkrts --no-as-needed -lstdc++ -lgcc -lgcc_s -Bstatic -lirc -lsvml -Bdynamic -lc -lgcc -lgcc_s -Bstatic -lirc_s -Bdynamic -ldl -lc /usr/lib/gcc/x86_64-redhat-linux/4.4.7/crtend.o /usr/lib/gcc/x86_64-redhat-linux/4.4.7/../../../../lib64/crtn.o
gmake[2]: Leaving directory `/home2/krober10/DynamicLoadBalance/prep/parmetis-4.0.3/build/Linux-x86_64/CMakeFiles/CMakeTmp'
gmake[1]: Leaving directory `/home2/krober10/DynamicLoadBalance/prep/parmetis-4.0.3/build/Linux-x86_64/CMakeFiles/CMakeTmp'


Parsed CXX implicit link information from above output:
  link line regex: [^( *|.*[/\])(ld|([^/\]+-)?ld|collect2)[^/\]*( |$)]
  ignore line: [Change Dir: /home2/krober10/DynamicLoadBalance/prep/parmetis-4.0.3/build/Linux-x86_64/CMakeFiles/CMakeTmp]
  ignore line: []
  ignore line: [Run Build Command:"/usr/bin/gmake" "cmTryCompileExec2417665742/fast"]
  ignore line: [gmake[1]: Entering directory `/home2/krober10/DynamicLoadBalance/prep/parmetis-4.0.3/build/Linux-x86_64/CMakeFiles/CMakeTmp']
  ignore line: [/usr/bin/gmake -f CMakeFiles/cmTryCompileExec2417665742.dir/build.make CMakeFiles/cmTryCompileExec2417665742.dir/build]
  ignore line: [gmake[2]: Entering directory `/home2/krober10/DynamicLoadBalance/prep/parmetis-4.0.3/build/Linux-x86_64/CMakeFiles/CMakeTmp']
  ignore line: [/afs/crc.nd.edu/x86_64_linux/cmake/3.2.2/bin/cmake -E cmake_progress_report /home2/krober10/DynamicLoadBalance/prep/parmetis-4.0.3/build/Linux-x86_64/CMakeFiles/CMakeTmp/CMakeFiles 1]
  ignore line: [Building CXX object CMakeFiles/cmTryCompileExec2417665742.dir/CMakeCXXCompilerABI.cpp.o]
  ignore line: [/opt/crc/m/mvapich2/2.1/intel/15.0/mlx/bin/mpicxx     -o CMakeFiles/cmTryCompileExec2417665742.dir/CMakeCXXCompilerABI.cpp.o -c /afs/crc.nd.edu/x86_64_linux/cmake/3.2.2/share/cmake-3.2/Modules/CMakeCXXCompilerABI.cpp]
  ignore line: [Linking CXX executable cmTryCompileExec2417665742]
  ignore line: [/afs/crc.nd.edu/x86_64_linux/cmake/3.2.2/bin/cmake -E cmake_link_script CMakeFiles/cmTryCompileExec2417665742.dir/link.txt --verbose=1]
  ignore line: [/opt/crc/m/mvapich2/2.1/intel/15.0/mlx/bin/mpicxx       -v CMakeFiles/cmTryCompileExec2417665742.dir/CMakeCXXCompilerABI.cpp.o  -o cmTryCompileExec2417665742 -rdynamic  ]
  ignore line: [mpicxx for MVAPICH2 version 2.1]
  ignore line: [icpc version 15.0.4 (gcc version 4.4.7 compatibility)]
  ignore line: [/afs/crc.nd.edu/x86_64_linux/intel/15.0/composer_xe_2015.5.223/bin/intel64/mcpcom    -mP1OPT_version=15.0-intel64 -mGLOB_diag_file=CMakeFiles/cmTryCompileExec2417665742.dir/CMakeCXXCompilerABI.cpp.diag -mP1OPT_print_version=FALSE -mCG_use_gas_got_workaround=F -mP2OPT_align_option_used=TRUE -mGLOB_gcc_version=447 "-mGLOB_options_string=-I/opt/crc/m/mvapich2/2.1/intel/15.0/mlx/include -v -o cmTryCompileExec2417665742 -rdynamic -L/opt/crc/m/mvapich2/2.1/intel/15.0/mlx/lib -lmpicxx -Wl,-rpath -Wl,/opt/crc/m/mvapich2/2.1/intel/15.0/mlx/lib -Wl,--enable-new-dtags -lmpi" -mGLOB_cxx_limited_range=FALSE -mCG_extend_parms=FALSE -mGLOB_compiler_bin_directory=/afs/crc.nd.edu/x86_64_linux/intel/15.0/composer_xe_2015.5.223/bin/intel64 -mGLOB_as_output_backup_file_name=/tmp/icpc1PynjDas_.s -mIPOPT_activate -mGLOB_em64t -mGLOB_product_id_code=0x22006d8e -mP3OPT_use_mspp_call_convention -mP2OPT_subs_out_of_bound=FALSE -mP2OPT_disam_type_based_disam=2 -mP2OPT_disam_assume_ansi_c -mP2OPT_checked_disam_ansi_alias=TRUE -mGLOB_ansi_alias -mPGOPTI_value_profile_use=T -mGLOB_opt_report_use_source_name -mP2OPT_il0_array_sections=TRUE -mGLOB_offload_mode=1 -mP2OPT_offload_unique_var_string=icpc010822636003on6xbB -mP2OPT_hlo -mP2OPT_hpo_rtt_control=0 -mIPOPT_args_in_regs=0 -mP2OPT_disam_assume_nonstd_intent_in=FALSE -mGLOB_imf_mapping_library=/afs/crc.nd.edu/x86_64_linux/intel/15.0/composer_xe_2015.5.223/bin/intel64/libiml_attr.so -mPGOPTI_gen_threadsafe_level=0 -mIPOPT_link -mIPOPT_ipo_activate -mIPOPT_mo_activate -mIPOPT_source_files_list=/tmp/icpcslisfwOXts -mIPOPT_mo_global_data -mIPOPT_link_script_file=/tmp/icpcscriptz7CWKQ "-mIPOPT_cmdline_link="/usr/lib/gcc/x86_64-redhat-linux/4.4.7/../../../../lib64/crt1.o" "/usr/lib/gcc/x86_64-redhat-linux/4.4.7/../../../../lib64/crti.o" "/usr/lib/gcc/x86_64-redhat-linux/4.4.7/crtbegin.o" "-export-dynamic" "--eh-frame-hdr" "--build-id" "-dynamic-linker" "/lib64/ld-linux-x86-64.so.2" "-m" "elf_x86_64" "-L/opt/crc/m/mvapich2/2.1/intel/15.0/mlx/lib" "-o" "cmTryCompileExec2417665742" "-L/afs/crc.nd.edu/x86_64_linux/intel/15.0/composer_xe_2015.5.223/compiler/lib/intel64" "-L/usr/lib/gcc/x86_64-redhat-linux/4.4.7/" "-L/usr/lib/gcc/x86_64-redhat-linux/4.4.7/../../../../lib64" "-L/usr/lib/gcc/x86_64-redhat-linux/4.4.7/../../../../lib64/" "-L/lib/../lib64" "-L/lib/../lib64/" "-L/usr/lib/../lib64" "-L/usr/lib/../lib64/" "-L/usr/lib/gcc/x86_64-redhat-linux/4.4.7/../../../" "-L/lib64" "-L/lib/" "-L/usr/lib64" "-L/usr/lib" "CMakeFiles/cmTryCompileExec2417665742.dir/CMakeCXXCompilerABI.cpp.o" "-lmpicxx" "-rpath" "/opt/crc/m/mvapich2/2.1/intel/15.0/mlx/lib" "--enable-new-dtags" "-lmpi" "-Bdynamic" "-Bstatic" "-limf" "-lsvml" "-lirng" "-Bdynamic" "-lm" "-Bstatic" "-lipgo" "-ldecimal" "--as-needed" "-Bdynamic" "-lcilkrts" "--no-as-needed" "-lstdc++" "-lgcc" "-lgcc_s" "-Bstatic" "-lirc" "-lsvml" "-Bdynamic" "-lc" "-lgcc" "-lgcc_s" "-Bstatic" "-lirc_s" "-Bdynamic" "-ldl" "-lc" "/usr/lib/gcc/x86_64-redhat-linux/4.4.7/crtend.o" "/usr/lib/gcc/x86_64-redhat-linux/4.4.7/../../../../lib64/crtn.o"" -mIPOPT_il_in_obj -mIPOPT_ipo_activate_warn=FALSE -mIPOPT_obj_output_file_name=/tmp/ipo_icpcvgQ8P6.o -mIPOPT_whole_archive_fixup_file_name=/tmp/icpcwarchDNC4oy -mGLOB_linker_version=2.20.51.0.2 -mGLOB_long_size_64 -mGLOB_routine_pointer_size_64 -mGLOB_driver_tempfile_name=/tmp/icpctempfileLG8XJW -mP3OPT_asm_target=P3OPT_ASM_TARGET_GAS -mGLOB_async_unwind_tables=TRUE -mGLOB_obj_output_file=/tmp/ipo_icpcvgQ8P6.o -mGLOB_source_dialect=GLOB_SOURCE_DIALECT_NONE -mP1OPT_source_file_name=ipo_out.c CMakeFiles/cmTryCompileExec2417665742.dir/CMakeCXXCompilerABI.cpp.o -mIPOPT_object_files=T -mIPOPT_assembly_files=/tmp/icpcalisBBw4nT -mIPOPT_generated_tempfiles=/tmp/icpcelisF8E2Eh -mIPOPT_embedded_object_base_name=/tmp/icpceobjBKP0VF -mIPOPT_cmdline_link_new_name=/tmp/icpcllisfDaZc4]
  link line: [ld    /usr/lib/gcc/x86_64-redhat-linux/4.4.7/../../../../lib64/crt1.o /usr/lib/gcc/x86_64-redhat-linux/4.4.7/../../../../lib64/crti.o /usr/lib/gcc/x86_64-redhat-linux/4.4.7/crtbegin.o -export-dynamic --eh-frame-hdr --build-id -dynamic-linker /lib64/ld-linux-x86-64.so.2 -m elf_x86_64 -L/opt/crc/m/mvapich2/2.1/intel/15.0/mlx/lib -o cmTryCompileExec2417665742 -L/afs/crc.nd.edu/x86_64_linux/intel/15.0/composer_xe_2015.5.223/compiler/lib/intel64 -L/usr/lib/gcc/x86_64-redhat-linux/4.4.7/ -L/usr/lib/gcc/x86_64-redhat-linux/4.4.7/../../../../lib64 -L/usr/lib/gcc/x86_64-redhat-linux/4.4.7/../../../../lib64/ -L/lib/../lib64 -L/lib/../lib64/ -L/usr/lib/../lib64 -L/usr/lib/../lib64/ -L/usr/lib/gcc/x86_64-redhat-linux/4.4.7/../../../ -L/lib64 -L/lib/ -L/usr/lib64 -L/usr/lib CMakeFiles/cmTryCompileExec2417665742.dir/CMakeCXXCompilerABI.cpp.o -lmpicxx -rpath /opt/crc/m/mvapich2/2.1/intel/15.0/mlx/lib --enable-new-dtags -lmpi -Bdynamic -Bstatic -limf -lsvml -lirng -Bdynamic -lm -Bstatic -lipgo -ldecimal --as-needed -Bdynamic -lcilkrts --no-as-needed -lstdc++ -lgcc -lgcc_s -Bstatic -lirc -lsvml -Bdynamic -lc -lgcc -lgcc_s -Bstatic -lirc_s -Bdynamic -ldl -lc /usr/lib/gcc/x86_64-redhat-linux/4.4.7/crtend.o /usr/lib/gcc/x86_64-redhat-linux/4.4.7/../../../../lib64/crtn.o]
    arg [ld] ==> ignore
    arg [/usr/lib/gcc/x86_64-redhat-linux/4.4.7/../../../../lib64/crt1.o] ==> ignore
    arg [/usr/lib/gcc/x86_64-redhat-linux/4.4.7/../../../../lib64/crti.o] ==> ignore
    arg [/usr/lib/gcc/x86_64-redhat-linux/4.4.7/crtbegin.o] ==> ignore
    arg [-export-dynamic] ==> ignore
    arg [--eh-frame-hdr] ==> ignore
    arg [--build-id] ==> ignore
    arg [-dynamic-linker] ==> ignore
    arg [/lib64/ld-linux-x86-64.so.2] ==> ignore
    arg [-m] ==> ignore
    arg [elf_x86_64] ==> ignore
    arg [-L/opt/crc/m/mvapich2/2.1/intel/15.0/mlx/lib] ==> dir [/opt/crc/m/mvapich2/2.1/intel/15.0/mlx/lib]
    arg [-o] ==> ignore
    arg [cmTryCompileExec2417665742] ==> ignore
    arg [-L/afs/crc.nd.edu/x86_64_linux/intel/15.0/composer_xe_2015.5.223/compiler/lib/intel64] ==> dir [/afs/crc.nd.edu/x86_64_linux/intel/15.0/composer_xe_2015.5.223/compiler/lib/intel64]
    arg [-L/usr/lib/gcc/x86_64-redhat-linux/4.4.7/] ==> dir [/usr/lib/gcc/x86_64-redhat-linux/4.4.7/]
    arg [-L/usr/lib/gcc/x86_64-redhat-linux/4.4.7/../../../../lib64] ==> dir [/usr/lib/gcc/x86_64-redhat-linux/4.4.7/../../../../lib64]
    arg [-L/usr/lib/gcc/x86_64-redhat-linux/4.4.7/../../../../lib64/] ==> dir [/usr/lib/gcc/x86_64-redhat-linux/4.4.7/../../../../lib64/]
    arg [-L/lib/../lib64] ==> dir [/lib/../lib64]
    arg [-L/lib/../lib64/] ==> dir [/lib/../lib64/]
    arg [-L/usr/lib/../lib64] ==> dir [/usr/lib/../lib64]
    arg [-L/usr/lib/../lib64/] ==> dir [/usr/lib/../lib64/]
    arg [-L/usr/lib/gcc/x86_64-redhat-linux/4.4.7/../../../] ==> dir [/usr/lib/gcc/x86_64-redhat-linux/4.4.7/../../../]
    arg [-L/lib64] ==> dir [/lib64]
    arg [-L/lib/] ==> dir [/lib/]
    arg [-L/usr/lib64] ==> dir [/usr/lib64]
    arg [-L/usr/lib] ==> dir [/usr/lib]
    arg [CMakeFiles/cmTryCompileExec2417665742.dir/CMakeCXXCompilerABI.cpp.o] ==> ignore
    arg [-lmpicxx] ==> lib [mpicxx]
    arg [-rpath] ==> ignore
    arg [/opt/crc/m/mvapich2/2.1/intel/15.0/mlx/lib] ==> ignore
    arg [--enable-new-dtags] ==> ignore
    arg [-lmpi] ==> lib [mpi]
    arg [-Bdynamic] ==> ignore
    arg [-Bstatic] ==> ignore
    arg [-limf] ==> lib [imf]
    arg [-lsvml] ==> lib [svml]
    arg [-lirng] ==> lib [irng]
    arg [-Bdynamic] ==> ignore
    arg [-lm] ==> lib [m]
    arg [-Bstatic] ==> ignore
    arg [-lipgo] ==> lib [ipgo]
    arg [-ldecimal] ==> lib [decimal]
    arg [--as-needed] ==> ignore
    arg [-Bdynamic] ==> ignore
    arg [-lcilkrts] ==> lib [cilkrts]
    arg [--no-as-needed] ==> ignore
    arg [-lstdc++] ==> lib [stdc++]
    arg [-lgcc] ==> lib [gcc]
    arg [-lgcc_s] ==> lib [gcc_s]
    arg [-Bstatic] ==> ignore
    arg [-lirc] ==> lib [irc]
    arg [-lsvml] ==> lib [svml]
    arg [-Bdynamic] ==> ignore
    arg [-lc] ==> lib [c]
    arg [-lgcc] ==> lib [gcc]
    arg [-lgcc_s] ==> lib [gcc_s]
    arg [-Bstatic] ==> ignore
    arg [-lirc_s] ==> lib [irc_s]
    arg [-Bdynamic] ==> ignore
    arg [-ldl] ==> lib [dl]
    arg [-lc] ==> lib [c]
    arg [/usr/lib/gcc/x86_64-redhat-linux/4.4.7/crtend.o] ==> ignore
    arg [/usr/lib/gcc/x86_64-redhat-linux/4.4.7/../../../../lib64/crtn.o] ==> ignore
  remove lib [gcc]
  remove lib [gcc_s]
  remove lib [gcc]
  remove lib [gcc_s]
  collapse library dir [/opt/crc/m/mvapich2/2.1/intel/15.0/mlx/lib] ==> [/opt/crc/m/mvapich2/2.1/intel/15.0/mlx/lib]
  collapse library dir [/afs/crc.nd.edu/x86_64_linux/intel/15.0/composer_xe_2015.5.223/compiler/lib/intel64] ==> [/afs/crc.nd.edu/x86_64_linux/intel/15.0/composer_xe_2015.5.223/compiler/lib/intel64]
  collapse library dir [/usr/lib/gcc/x86_64-redhat-linux/4.4.7/] ==> [/usr/lib/gcc/x86_64-redhat-linux/4.4.7]
  collapse library dir [/usr/lib/gcc/x86_64-redhat-linux/4.4.7/../../../../lib64] ==> [/usr/lib64]
  collapse library dir [/usr/lib/gcc/x86_64-redhat-linux/4.4.7/../../../../lib64/] ==> [/usr/lib64]
  collapse library dir [/lib/../lib64] ==> [/lib64]
  collapse library dir [/lib/../lib64/] ==> [/lib64]
  collapse library dir [/usr/lib/../lib64] ==> [/usr/lib64]
  collapse library dir [/usr/lib/../lib64/] ==> [/usr/lib64]
  collapse library dir [/usr/lib/gcc/x86_64-redhat-linux/4.4.7/../../../] ==> [/usr/lib]
  collapse library dir [/lib64] ==> [/lib64]
  collapse library dir [/lib/] ==> [/lib]
  collapse library dir [/usr/lib64] ==> [/usr/lib64]
  collapse library dir [/usr/lib] ==> [/usr/lib]
  implicit libs: [mpicxx;mpi;imf;svml;irng;m;ipgo;decimal;cilkrts;stdc++;irc;svml;c;irc_s;dl;c]
  implicit dirs: [/opt/crc/m/mvapich2/2.1/intel/15.0/mlx/lib;/afs/crc.nd.edu/x86_64_linux/intel/15.0/composer_xe_2015.5.223/compiler/lib/intel64;/usr/lib/gcc/x86_64-redhat-linux/4.4.7;/usr/lib64;/lib64;/usr/lib;/lib]
  implicit fwks: []


Determining if the include file execinfo.h exists passed with the following output:
Change Dir: /home2/krober10/DynamicLoadBalance/prep/parmetis-4.0.3/build/Linux-x86_64/CMakeFiles/CMakeTmp

Run Build Command:"/usr/bin/gmake" "cmTryCompileExec1277187832/fast"
gmake[1]: Entering directory `/home2/krober10/DynamicLoadBalance/prep/parmetis-4.0.3/build/Linux-x86_64/CMakeFiles/CMakeTmp'
/usr/bin/gmake -f CMakeFiles/cmTryCompileExec1277187832.dir/build.make CMakeFiles/cmTryCompileExec1277187832.dir/build
gmake[2]: Entering directory `/home2/krober10/DynamicLoadBalance/prep/parmetis-4.0.3/build/Linux-x86_64/CMakeFiles/CMakeTmp'
/afs/crc.nd.edu/x86_64_linux/cmake/3.2.2/bin/cmake -E cmake_progress_report /home2/krober10/DynamicLoadBalance/prep/parmetis-4.0.3/build/Linux-x86_64/CMakeFiles/CMakeTmp/CMakeFiles 1
Building C object CMakeFiles/cmTryCompileExec1277187832.dir/CheckIncludeFile.c.o
/opt/crc/m/mvapich2/2.1/intel/15.0/mlx/bin/mpicc    -o CMakeFiles/cmTryCompileExec1277187832.dir/CheckIncludeFile.c.o   -c /home2/krober10/DynamicLoadBalance/prep/parmetis-4.0.3/build/Linux-x86_64/CMakeFiles/CMakeTmp/CheckIncludeFile.c
Linking C executable cmTryCompileExec1277187832
/afs/crc.nd.edu/x86_64_linux/cmake/3.2.2/bin/cmake -E cmake_link_script CMakeFiles/cmTryCompileExec1277187832.dir/link.txt --verbose=1
/opt/crc/m/mvapich2/2.1/intel/15.0/mlx/bin/mpicc       CMakeFiles/cmTryCompileExec1277187832.dir/CheckIncludeFile.c.o  -o cmTryCompileExec1277187832 -rdynamic 
gmake[2]: Leaving directory `/home2/krober10/DynamicLoadBalance/prep/parmetis-4.0.3/build/Linux-x86_64/CMakeFiles/CMakeTmp'
gmake[1]: Leaving directory `/home2/krober10/DynamicLoadBalance/prep/parmetis-4.0.3/build/Linux-x86_64/CMakeFiles/CMakeTmp'


Determining if the function getline exists passed with the following output:
Change Dir: /home2/krober10/DynamicLoadBalance/prep/parmetis-4.0.3/build/Linux-x86_64/CMakeFiles/CMakeTmp

Run Build Command:"/usr/bin/gmake" "cmTryCompileExec3416551758/fast"
gmake[1]: Entering directory `/home2/krober10/DynamicLoadBalance/prep/parmetis-4.0.3/build/Linux-x86_64/CMakeFiles/CMakeTmp'
/usr/bin/gmake -f CMakeFiles/cmTryCompileExec3416551758.dir/build.make CMakeFiles/cmTryCompileExec3416551758.dir/build
gmake[2]: Entering directory `/home2/krober10/DynamicLoadBalance/prep/parmetis-4.0.3/build/Linux-x86_64/CMakeFiles/CMakeTmp'
/afs/crc.nd.edu/x86_64_linux/cmake/3.2.2/bin/cmake -E cmake_progress_report /home2/krober10/DynamicLoadBalance/prep/parmetis-4.0.3/build/Linux-x86_64/CMakeFiles/CMakeTmp/CMakeFiles 1
Building C object CMakeFiles/cmTryCompileExec3416551758.dir/CheckFunctionExists.c.o
/opt/crc/m/mvapich2/2.1/intel/15.0/mlx/bin/mpicc   -DCHECK_FUNCTION_EXISTS=getline   -o CMakeFiles/cmTryCompileExec3416551758.dir/CheckFunctionExists.c.o   -c /afs/crc.nd.edu/x86_64_linux/cmake/3.2.2/share/cmake-3.2/Modules/CheckFunctionExists.c
Linking C executable cmTryCompileExec3416551758
/afs/crc.nd.edu/x86_64_linux/cmake/3.2.2/bin/cmake -E cmake_link_script CMakeFiles/cmTryCompileExec3416551758.dir/link.txt --verbose=1
/opt/crc/m/mvapich2/2.1/intel/15.0/mlx/bin/mpicc   -DCHECK_FUNCTION_EXISTS=getline    CMakeFiles/cmTryCompileExec3416551758.dir/CheckFunctionExists.c.o  -o cmTryCompileExec3416551758 -rdynamic 
gmake[2]: Leaving directory `/home2/krober10/DynamicLoadBalance/prep/parmetis-4.0.3/build/Linux-x86_64/CMakeFiles/CMakeTmp'
gmake[1]: Leaving directory `/home2/krober10/DynamicLoadBalance/prep/parmetis-4.0.3/build/Linux-x86_64/CMakeFiles/CMakeTmp'


